{"numTotalTestSuites":10,"numPassedTestSuites":10,"numFailedTestSuites":0,"numPendingTestSuites":0,"numTotalTests":24,"numPassedTests":24,"numFailedTests":0,"numPendingTests":0,"numTodoTests":0,"startTime":1761743345371,"success":true,"testResults":[{"assertionResults":[{"ancestorTitles":["","Database Module","Database URL Configuration"],"fullName":" Database Module Database URL Configuration should throw error when DATABASE_URL is not set","status":"passed","title":"should throw error when DATABASE_URL is not set","duration":7,"failureMessages":[]},{"ancestorTitles":["","Database Module","Database URL Configuration"],"fullName":" Database Module Database URL Configuration should configure production connection pool settings","status":"passed","title":"should configure production connection pool settings","duration":5,"failureMessages":[]},{"ancestorTitles":["","Database Module","Database URL Configuration"],"fullName":" Database Module Database URL Configuration should configure test connection pool settings","status":"passed","title":"should configure test connection pool settings","duration":2,"failureMessages":[]},{"ancestorTitles":["","Database Module","Database URL Configuration"],"fullName":" Database Module Database URL Configuration should configure development connection pool settings","status":"passed","title":"should configure development connection pool settings","duration":1,"failureMessages":[]},{"ancestorTitles":["","Database Module","Database URL Configuration"],"fullName":" Database Module Database URL Configuration should use default connection pool settings for unknown environment","status":"passed","title":"should use default connection pool settings for unknown environment","duration":2,"failureMessages":[]},{"ancestorTitles":["","Database Module","Database URL Configuration"],"fullName":" Database Module Database URL Configuration should use custom DB_CONNECTION_LIMIT when provided","status":"passed","title":"should use custom DB_CONNECTION_LIMIT when provided","duration":2,"failureMessages":[]},{"ancestorTitles":["","Database Module","Database URL Configuration"],"fullName":" Database Module Database URL Configuration should handle DATABASE_URL with existing query parameters","status":"passed","title":"should handle DATABASE_URL with existing query parameters","duration":2,"failureMessages":[]},{"ancestorTitles":["","Database Module","PrismaClient Configuration"],"fullName":" Database Module PrismaClient Configuration should create PrismaClient with correct datasource URL","status":"passed","title":"should create PrismaClient with correct datasource URL","duration":6,"failureMessages":[]},{"ancestorTitles":["","Database Module","PrismaClient Configuration"],"fullName":" Database Module PrismaClient Configuration should configure production logging (warn, error only)","status":"passed","title":"should configure production logging (warn, error only)","duration":3,"failureMessages":[]},{"ancestorTitles":["","Database Module","PrismaClient Configuration"],"fullName":" Database Module PrismaClient Configuration should configure test logging (error only)","status":"passed","title":"should configure test logging (error only)","duration":2,"failureMessages":[]},{"ancestorTitles":["","Database Module","PrismaClient Configuration"],"fullName":" Database Module PrismaClient Configuration should configure development logging (full logging)","status":"passed","title":"should configure development logging (full logging)","duration":2,"failureMessages":[]},{"ancestorTitles":["","Database Module","Singleton Pattern"],"fullName":" Database Module Singleton Pattern should create fresh instance in test mode","status":"passed","title":"should create fresh instance in test mode","duration":3,"failureMessages":[]},{"ancestorTitles":["","Database Module","Singleton Pattern"],"fullName":" Database Module Singleton Pattern should use singleton pattern in development mode","status":"passed","title":"should use singleton pattern in development mode","duration":2,"failureMessages":[]},{"ancestorTitles":["","Database Module","Singleton Pattern"],"fullName":" Database Module Singleton Pattern should not set global instance in production mode","status":"passed","title":"should not set global instance in production mode","duration":1,"failureMessages":[]},{"ancestorTitles":["","Database Module","Database URL Parameter Handling"],"fullName":" Database Module Database URL Parameter Handling should add connection pool parameters to URL","status":"passed","title":"should add connection pool parameters to URL","duration":2,"failureMessages":[]},{"ancestorTitles":["","Database Module","Database URL Parameter Handling"],"fullName":" Database Module Database URL Parameter Handling should preserve existing URL parameters","status":"passed","title":"should preserve existing URL parameters","duration":1,"failureMessages":[]},{"ancestorTitles":["","Database Module","Environment-specific Connection Limits"],"fullName":" Database Module Environment-specific Connection Limits should use correct defaults for production environment","status":"passed","title":"should use correct defaults for production environment","duration":2,"failureMessages":[]},{"ancestorTitles":["","Database Module","Environment-specific Connection Limits"],"fullName":" Database Module Environment-specific Connection Limits should use correct defaults for test environment","status":"passed","title":"should use correct defaults for test environment","duration":1,"failureMessages":[]},{"ancestorTitles":["","Database Module","Environment-specific Connection Limits"],"fullName":" Database Module Environment-specific Connection Limits should use correct defaults for development environment","status":"passed","title":"should use correct defaults for development environment","duration":1,"failureMessages":[]},{"ancestorTitles":["","Database Module","Process Event Handlers"],"fullName":" Database Module Process Event Handlers should register beforeExit handler for graceful shutdown","status":"passed","title":"should register beforeExit handler for graceful shutdown","duration":2,"failureMessages":[]},{"ancestorTitles":["","Database Module","Process Event Handlers"],"fullName":" Database Module Process Event Handlers should call $disconnect on beforeExit","status":"passed","title":"should call $disconnect on beforeExit","duration":2,"failureMessages":[]},{"ancestorTitles":["","Database Module","Module Exports"],"fullName":" Database Module Module Exports should export prisma instance","status":"passed","title":"should export prisma instance","duration":5,"failureMessages":[]},{"ancestorTitles":["","Database Module","Invalid Environment Configuration"],"fullName":" Database Module Invalid Environment Configuration should handle invalid DB_CONNECTION_LIMIT values","status":"passed","title":"should handle invalid DB_CONNECTION_LIMIT values","duration":6,"failureMessages":[]},{"ancestorTitles":["","Database Module","Invalid Environment Configuration"],"fullName":" Database Module Invalid Environment Configuration should handle missing DB_CONNECTION_LIMIT gracefully","status":"passed","title":"should handle missing DB_CONNECTION_LIMIT gracefully","duration":5,"failureMessages":[]}],"startTime":1761745906951,"endTime":1761745907021,"status":"passed","message":"","name":"/home/tony/GitHub/mes/src/tests/lib/database.test.ts"}]}